0 "power c graphics " 28 2a
38   "gr.doc"            seq
2    "graphic.h"         seq
3    "hires.l"           seq
8    "hires1.a"          seq
3    "hires2.a"          seq
6    "hires3.a"          seq
2    "hires1.o"          seq
1    "hires2.o"          seq
1    "hires3.o"          seq
1    "hrclr.a"           seq
1    "hrclr.o"           seq
5    "plot.a"            seq
1    "plot.o"            seq
8    "line.c"            seq
5    "line.o"            seq
11   "hline.a"           seq
2    "hline.o"           seq
2    "vline.c"           seq
2    "vline.o"           seq
2    "box.c"             seq
3    "box.o"             seq
6    "arc.c"             seq
6    "arc.o"             seq
5    "bank.a"            seq
1    "bank.o"            seq
7    "sprite1.a"         seq
2    "sprite1.o"         seq
5    "sprite2.a"         seq
2    "sprite2.o"         seq
4    "point.a"           seq
1    "point.o"           seq
4    "plotc.c"           seq
4    "plotc.o"           seq
4    "plots.c"           seq
5    "plots.o"           seq
2    "circle.c"          seq
5    "circle.o"          seq
2    "disk.c"            seq
4    "disk.o"            seq
6    "fill.c"            seq
12   "fill.o"            seq
2    "copychar.c"        seq
2    "copychar.o"        seq
0    "---------------- " usr
0    "     demos"        usr
0    "---------------- " usr
4    "dots.c"            seq
4    "pattern.c"         seq
6    "lines.c"           seq
2    "boxes.c"           seq
6    "boxes2.c"          seq
11   "balls.c"           seq
2    "storm.c"           seq
4    "tree.c"            seq
4    "dragon.c"          seq
5    "frac.c"            seq
3    "circles.c"         seq
2    "shift.a"           seq
7    "text.c"            seq
7    "text2.c"           seq
20   "chase.c"           seq
3    "chicken.c"         seq
3    "filltest.c"        seq
18   "3-d.c"             seq
4    "mod.c"             seq
4    "snow.c"            seq
10   "cube.c"            seq
337 blocks Free.


0 "gglib 1          "    2a
2    "alpha.c"           seq
2    "alpha.o"           seq
2    "argcd.c"           seq
3    "argcd.o"           seq
2    "binstr.c"          seq
6    "binstr.doc"        seq
2    "binstr.h"          seq
6    "lldisktools.c"     seq
19   "clock.c"           seq
2    "clock.h"           seq
1    "conio.h"           seq
1    "stdio.h"           seq
9    "dir.h"             seq
4    "disk.h"            seq
2    "diskBR.c"          seq
3    "diskBR.o"          seq
2    "disktools.h"       seq
1    "dupstr.c"          seq
2    "dupstr.o"          seq
2    "binstr2.c"         seq
1    "error.c"           seq
2    "error.o"           seq
1    "getch.c"           seq
1    "getch.h"           seq
1    "getch.o"           seq
1    "getgcd.c"          seq
1    "getgcd.o"          seq
2    "ggarray.h"         seq
3    "ggarray2d.c"       seq
4    "ggarray2d.o"       seq
1    "ggmalloc.h"        seq
3    "ggmath.h"          seq
1    "ggstd.h"           seq
2    "ggstring.c"        seq
4    "ggstring.h"        seq
4    "loaddir.c"         seq
11   "lldisktools.o"     seq
1    "inkey.c"           seq
1    "inkey.o"           seq
2    "input.h"           seq
1    "isprime.c"         seq
2    "isprime.o"         seq
1    "pause.c"           seq
1    "pause.o"           seq
4    "plot.c"            seq
2    "plot.o"            seq
3    "poke.h"            seq
1    "poke.h"            seq
4    "readdir.c"         seq
5    "readdir.o"         seq
3    "reu.h"             seq
4    "reucom.c"          seq
3    "binstr.o"          seq
1    "setjmp.h"          seq
1    "stdarg.h"          seq
2    "strcat2.c"         seq
3    "strcat2.o"         seq
2    "strclean.c"        seq
3    "strclean.o"        seq
1    "strings.h"         seq
1    "strstr.c"          seq
2    "strstr.o"          seq
3    "time.c"            seq
2    "time.h"            seq
17   "time.o"            seq
1    "toupper.c"         seq
1    "toupper.o"         seq
470 blocks Free.


0 "memory print     "    2a
7    "mp.c"              seq
3    "mp.h"              seq
4    "pmemrow.c"         seq
5    "pmembox.c"         seq
13   "mp.o"              seq
2    "cmem.c"            seq
3    "cmem.o"            seq
11   "pmembox.o"         seq
5    "pmemrow.o"         seq
611 blocks Free.


0 "pclibs01         " pl 2a
30   "functions.doc"     seq
1    "conio.h"           seq
2    "strings.h"         seq
1    "c$finit.o"         seq
1    "getch.o"           seq
1    "inkey.o"           seq
1    "kbhit.o"           seq
1    "memmove.o"         seq
1    "memset.o"          seq
1    "strstr.o"          seq
624 blocks Free.


0 "pclibs01wd       " w1 2a
2    "binstr.h"          seq
3    "binstr.o"          seq
4    "c$finit.asm"       seq
4    "c$finit.a"         seq
1    "c$finit.o"         seq
6    "c64.h"             seq
2    "clock.h"           seq
1    "comerr.o"          seq
1    "conio.h"           seq
1    "convscrcodes.h"    seq
29   "copy.o"            seq
1    "cread.o"           seq
1    "cwrite.o"          seq
16   "del.o"             seq
3    "dir.h"             seq
4    "disk.h"            seq
2    "disktools.h"       seq
2    "dupstr.o"          seq
4    "memsettest.sh"     prg
3    "getch.a"           seq
1    "getch.o"           seq
1    "getkey.o"          seq
3    "ggdir.h"           seq
1    "ggmalloc.h"        seq
3    "ggmath.h"          seq
1    "ggrafix.a"         seq
1    "ggstd.h"           seq
5    "ggstring.h"        seq
6    "inkey.asm"         seq
3    "inkey.a"           seq
1    "inkey.o"           seq
3    "inkeytest.c"       seq
4    "inkeytest.o"       seq
6    "inkeytest.sh"      prg
3    "kbhit.a"           seq
1    "kbhit.o"           seq
7    "lddir.c"           seq
3    "lddir.o"           seq
6    "lddir.sh"          prg
9    "lddir2.c"          seq
6    "lddir2.o"          seq
9    "lddir2.sh"         prg
10   "lddir3.a"          seq
10   "lddir3.c"          seq
5    "lddir3.o"          seq
8    "lddir3.sh"         prg
1    "libc.l"            seq
1    "math.h"            seq
15   "memmove.asm"       seq
12   "memmove.a"         seq
1    "memmove.o"         seq
3    "memmovetest.c"     seq
6    "memmovetest.o"     seq
9    "memmovetest.sh"    prg
7    "memset.asm"        seq
4    "memset.a"          seq
1    "memset.o"          seq
1    "memsettest.c"      seq
1    "open.o"            seq
2    "plot.o"            seq
3    "qsort.o"           seq
6    "readbyts.a"        seq
1    "readbyts.o"        seq
8    "readdir.asm"       prg
21   "readdir.a"         seq
1    "readdir.h"         seq
3    "readdir.o"         seq
15   "readdir2.a"        seq
3    "readdir2.o"        seq
3    "reu.h"             seq
3    "setchin.a"         seq
1    "setchin.o"         seq
1    "setjmp.h"          seq
1    "skipspc.o"         seq
1    "stdarg.h"          seq
1    "stdio.h"           seq
4    "str2scr.o"         seq
3    "strclean.o"        seq
2    "strings.h"         seq
8    "strstr.asm"        seq
5    "strstr.a"          seq
1    "strstr.c"          seq
1    "strstr.o"          seq
8    "strstr2.c"         seq
1    "memsettest.o"      seq
5    "strstrtest.c"      seq
6    "strstrtest.o"      seq
8    "strstrtest.sh"     prg
3    "struint.o"         seq
4    "tdir.o"            seq
2    "time.h"            seq
17   "time.o"            seq
1    "toupper.o"         seq
3    "wildcard.o"        seq
240 blocks Free.


0 "pclibs02wd       " w2 2a
2    "alpha.c"           seq
2    "alpha.o"           seq
4    "alphatest.c"       seq
4    "alphatest.o"       seq
7    "alphatest.sh"      prg
5    "bfopen%.o"         seq
18   "bfopen%.sh"        prg
6    "bfopen.c"          seq
1    "bfopen.h"          seq
7    "bfopen.o"          seq
3    "binstr%.c"         seq
11   "binstr%.sh"        prg
2    "binstr.c"          seq
6    "binstr.doc"        seq
1    "binstr.h"          seq
3    "binstr.o"          seq
8    "bsave%.o"          seq
12   "bsave%.sh"         prg
3    "bsave.c"           seq
19   "clock.c"           seq
2    "clock.h"           seq
10   "clock.o"           seq
6    "comerr.a"          seq
1    "comerr.o"          seq
14   "copen.asm"         prg
21   "copen.s"           seq
6    "cread.a"           seq
1    "cread.o"           seq
7    "cread2.a"          seq
7    "cread2.cpy"        seq
1    "cread2.o"          seq
6    "cwrite.a"          seq
1    "cwrite.o"          seq
5    "feof.dis"          seq
1    "feof.obj"          seq
6    "ferror.dis"        seq
1    "ferror.obj"        seq
11   "fopen.dis"         seq
3    "fopen.obj"         seq
8    "fread.dis"         seq
1    "fread.obj"         seq
6    "getchar.dis"       seq
1    "getchar.obj"       seq
8    "ggload.asm"        prg
7    "hwclock.c"         seq
15   "hwclock.sh"        prg
1    "inkey.c"           seq
1    "inkey.o"           seq
2    "kernal.s"          seq
7    "lddir.c"           seq
3    "lddir.o"           seq
9    "lddir2.c"          seq
6    "lddir2.o"          seq
10   "lddir3.a"          seq
10   "lddir3.c"          seq
5    "lddir3.o"          seq
3    "man.page"          seq
6    "open.a"            seq
1    "open.o"            seq
4    "peek.a"            seq
3    "peek.c"            seq
7    "peek.sh"           prg
4    "plot.c"            seq
2    "plot.o"            seq
5    "poke.c"            seq
1    "poke.h"            seq
12   "poke.sh"           prg
1    "read.me"           seq
6    "readbyts.a"        seq
1    "readbyts.o"        seq
8    "readdir.asm"       prg
21   "readdir.a"         seq
3    "readdir.o"         seq
15   "readdir2.a"        seq
3    "readdir2.o"        seq
3    "setchin.a"         seq
1    "setchin.o"         seq
1    "stdio.h"           seq
1    "toupper.o"         seq
1    "setchin.o"         seq
1    "readbyts.o"        seq
3    "readdir2.o"        seq
6    "lddir2.o"          seq
7    "lddir.c"           seq
9    "lddir2.c"          seq
10   "lddir3.c"          seq
181 blocks Free.


0 "powerc graphics  "    2a
2    "grafpak0.c"        seq
52   "grafpak1.c"        seq
7    "grafpak2.c"        seq
13   "grafpak.doc"       seq
11   "gdriver.c"         seq
50   "gdriver.sh"        prg
4    "grafpak.h"         seq
525 blocks Free.


0 "cassm64stuff     " cs 2a
2    "inkey.a"           seq
7    "getkey.a"          seq
14   "irqmouse.a"        seq
75   "scrolldir.a"       seq
1    "inkey.o"           seq
1    "getkey.o"          seq
564 blocks Free.


0 "power c utils    " pu 2a
3    "cref.h"            seq
16   "cref1.c"           seq
18   "cref2.c"           seq
10   "cref3.c"           seq
8    "sysaxyc.a"         seq
1    "sysaxyc.o"         seq
608 blocks Free.


0 "c-windows side a " wa 2a
91   "sys_kernal.a"      seq
26   "sys_kernal.o"      seq
8    "readme"            seq
98   "cwindows.doc"      seq
12   "sys_defs.i"        seq
59   "sys_sets.i"        seq
49   "sys_windows.a"     seq
7    "sys_windows.o"     seq
4    "peek.a"            seq
1    "peek.o"            seq
3    "windows.l"         seq
5    "window.h"          seq
301 blocks Free.


0 "c-windows side b " wb 2a
63   "dockit01.c"        seq
26   "dockit02.c"        seq
33   "dockit03.c"        seq
8    "dockit04.c"        seq
101  "dockit.sh"         prg
40   "lib.c"             seq
64   "lib.sh"            prg
329 blocks Free.


